<?xml version="1.0" encoding="UTF-8"?>
<!-- Generated by org.testng.reporters.JUnitXMLReporter -->
<testsuite hostname="user" name="Default test" tests="8" failures="0" timestamp="13 Oct 2019 12:55:45 GMT" time="6.69" errors="0">
  <testcase name="putAPIStatusCheck" time="2.627" classname="qa.api.tests.PutAPITests"/>
  <testcase name="putAPIJSONResponseCheck" time="0.057" classname="qa.api.tests.PutAPITests"/>
  <testcase name="apiResponseStatusCheck" time="1.417" classname="qa.api.tests.GetAPITests"/>
  <testcase name="apiResponseListUsersCheck" time="0.008" classname="qa.api.tests.GetAPITests"/>
  <testcase name="apiResponseHeadersCheck" time="0.004" classname="qa.api.tests.GetAPITests"/>
  <testcase name="apiResponseCheckWithHeaders" time="1.369" classname="qa.api.tests.GetAPITests"/>
  <testcase name="postAPITestStatusCheck" time="0.945" classname="qa.api.tests.PostAPITests"/>
  <testcase name="postAPIJSONresponseCheck" time="0.008" classname="qa.api.tests.PostAPITests"/>
</testsuite> <!-- Default test -->
