<?xml version="1.0" encoding="UTF-8"?>
<!-- Generated by org.testng.reporters.JUnitXMLReporter -->
<testsuite hostname="user" name="Default test" tests="8" failures="0" timestamp="21 Oct 2019 14:15:01 GMT" time="16.016" errors="0">
  <testcase name="putAPIStatusCheck" time="9.874" classname="qa.api.tests.PutAPITest"/>
  <testcase name="apiResponseStatusCheck" time="2.502" classname="qa.api.tests.GetAPITest"/>
  <testcase name="postAPITestStatusCheck" time="1.409" classname="qa.api.tests.PostAPITest"/>
  <testcase name="putAPIJSONResponseCheck" time="0.132" classname="qa.api.tests.PutAPITest"/>
  <testcase name="apiResponseListUsersCheck" time="0.016" classname="qa.api.tests.GetAPITest"/>
  <testcase name="postAPIJSONresponseCheck" time="0.015" classname="qa.api.tests.PostAPITest"/>
  <testcase name="apiResponseHeadersCheck" time="0.016" classname="qa.api.tests.GetAPITest"/>
  <testcase name="apiResponseCheckWithHeaders" time="1.035" classname="qa.api.tests.GetAPITest"/>
</testsuite> <!-- Default test -->
