<?xml version="1.0" encoding="UTF-8"?>
<testng-results skipped="0" failed="0" total="8" passed="8">
  <reporter-output>
  </reporter-output>
  <suite name="Default suite" duration-ms="6690" started-at="2019-10-13T12:55:37Z" finished-at="2019-10-13T12:55:44Z">
    <groups>
    </groups>
    <test name="Default test" duration-ms="6690" started-at="2019-10-13T12:55:37Z" finished-at="2019-10-13T12:55:44Z">
      <class name="qa.api.tests.PutAPITests">
        <test-method status="PASS" signature="setUp()[pri:0, instance:qa.api.tests.PutAPITests@51081592]" name="setUp" is-config="true" duration-ms="215" started-at="2019-10-13T18:25:37Z" finished-at="2019-10-13T18:25:38Z">
          <reporter-output>
          </reporter-output>
        </test-method> <!-- setUp -->
        <test-method status="PASS" signature="putAPIStatusCheck()[pri:0, instance:qa.api.tests.PutAPITests@51081592]" name="putAPIStatusCheck" duration-ms="2627" started-at="2019-10-13T18:25:38Z" finished-at="2019-10-13T18:25:40Z">
          <reporter-output>
          </reporter-output>
        </test-method> <!-- putAPIStatusCheck -->
        <test-method status="PASS" signature="setUp()[pri:0, instance:qa.api.tests.PutAPITests@51081592]" name="setUp" is-config="true" duration-ms="0" started-at="2019-10-13T18:25:40Z" finished-at="2019-10-13T18:25:40Z">
          <reporter-output>
          </reporter-output>
        </test-method> <!-- setUp -->
        <test-method status="PASS" signature="putAPIJSONResponseCheck()[pri:0, instance:qa.api.tests.PutAPITests@51081592]" name="putAPIJSONResponseCheck" duration-ms="57" started-at="2019-10-13T18:25:40Z" finished-at="2019-10-13T18:25:40Z">
          <reporter-output>
          </reporter-output>
        </test-method> <!-- putAPIJSONResponseCheck -->
      </class> <!-- qa.api.tests.PutAPITests -->
      <class name="qa.api.tests.PostAPITests">
        <test-method status="PASS" signature="setUp()[pri:0, instance:qa.api.tests.PostAPITests@1810399e]" name="setUp" is-config="true" duration-ms="4" started-at="2019-10-13T18:25:43Z" finished-at="2019-10-13T18:25:43Z">
          <reporter-output>
          </reporter-output>
        </test-method> <!-- setUp -->
        <test-method status="PASS" signature="postAPITestStatusCheck()[pri:0, instance:qa.api.tests.PostAPITests@1810399e]" name="postAPITestStatusCheck" duration-ms="945" started-at="2019-10-13T18:25:43Z" finished-at="2019-10-13T18:25:44Z">
          <reporter-output>
          </reporter-output>
        </test-method> <!-- postAPITestStatusCheck -->
        <test-method status="PASS" signature="postAPIJSONresponseCheck()[pri:0, instance:qa.api.tests.PostAPITests@1810399e]" name="postAPIJSONresponseCheck" duration-ms="8" started-at="2019-10-13T18:25:44Z" finished-at="2019-10-13T18:25:44Z">
          <reporter-output>
          </reporter-output>
        </test-method> <!-- postAPIJSONresponseCheck -->
        <test-method status="PASS" signature="setUp()[pri:0, instance:qa.api.tests.PostAPITests@1810399e]" name="setUp" is-config="true" duration-ms="0" started-at="2019-10-13T18:25:44Z" finished-at="2019-10-13T18:25:44Z">
          <reporter-output>
          </reporter-output>
        </test-method> <!-- setUp -->
      </class> <!-- qa.api.tests.PostAPITests -->
      <class name="qa.api.tests.GetAPITests">
        <test-method status="PASS" signature="apiResponseStatusCheck()[pri:0, instance:qa.api.tests.GetAPITests@5034c75a]" name="apiResponseStatusCheck" duration-ms="1417" started-at="2019-10-13T18:25:40Z" finished-at="2019-10-13T18:25:42Z">
          <reporter-output>
          </reporter-output>
        </test-method> <!-- apiResponseStatusCheck -->
        <test-method status="PASS" signature="setUp()[pri:0, instance:qa.api.tests.GetAPITests@5034c75a]" name="setUp" is-config="true" duration-ms="0" started-at="2019-10-13T18:25:40Z" finished-at="2019-10-13T18:25:40Z">
          <reporter-output>
          </reporter-output>
        </test-method> <!-- setUp -->
        <test-method status="PASS" signature="apiResponseListUsersCheck()[pri:0, instance:qa.api.tests.GetAPITests@5034c75a]" name="apiResponseListUsersCheck" duration-ms="8" started-at="2019-10-13T18:25:42Z" finished-at="2019-10-13T18:25:42Z">
          <reporter-output>
          </reporter-output>
        </test-method> <!-- apiResponseListUsersCheck -->
        <test-method status="PASS" signature="setUp()[pri:0, instance:qa.api.tests.GetAPITests@5034c75a]" name="setUp" is-config="true" duration-ms="0" started-at="2019-10-13T18:25:42Z" finished-at="2019-10-13T18:25:42Z">
          <reporter-output>
          </reporter-output>
        </test-method> <!-- setUp -->
        <test-method status="PASS" signature="apiResponseHeadersCheck()[pri:0, instance:qa.api.tests.GetAPITests@5034c75a]" name="apiResponseHeadersCheck" duration-ms="4" started-at="2019-10-13T18:25:42Z" finished-at="2019-10-13T18:25:42Z">
          <reporter-output>
          </reporter-output>
        </test-method> <!-- apiResponseHeadersCheck -->
        <test-method status="PASS" signature="setUp()[pri:0, instance:qa.api.tests.GetAPITests@5034c75a]" name="setUp" is-config="true" duration-ms="0" started-at="2019-10-13T18:25:42Z" finished-at="2019-10-13T18:25:42Z">
          <reporter-output>
          </reporter-output>
        </test-method> <!-- setUp -->
        <test-method status="PASS" signature="setUp()[pri:0, instance:qa.api.tests.GetAPITests@5034c75a]" name="setUp" is-config="true" duration-ms="0" started-at="2019-10-13T18:25:42Z" finished-at="2019-10-13T18:25:42Z">
          <reporter-output>
          </reporter-output>
        </test-method> <!-- setUp -->
        <test-method status="PASS" signature="apiResponseCheckWithHeaders()[pri:0, instance:qa.api.tests.GetAPITests@5034c75a]" name="apiResponseCheckWithHeaders" duration-ms="1369" started-at="2019-10-13T18:25:42Z" finished-at="2019-10-13T18:25:43Z">
          <reporter-output>
          </reporter-output>
        </test-method> <!-- apiResponseCheckWithHeaders -->
      </class> <!-- qa.api.tests.GetAPITests -->
    </test> <!-- Default test -->
  </suite> <!-- Default suite -->
</testng-results>
