<?xml version="1.0" encoding="UTF-8"?>
<testng-results skipped="0" failed="0" total="8" passed="8">
  <reporter-output>
  </reporter-output>
  <suite name="Regression" duration-ms="8789" started-at="2019-10-21T14:15:23Z" finished-at="2019-10-21T14:15:32Z">
    <groups>
    </groups>
    <test name="APIAutomation" duration-ms="8789" started-at="2019-10-21T14:15:23Z" finished-at="2019-10-21T14:15:32Z">
      <class name="qa.api.tests.PutAPITest">
        <test-method status="PASS" signature="setUp()[pri:0, instance:qa.api.tests.PutAPITest@6cc4c815]" name="setUp" is-config="true" duration-ms="4" started-at="2019-10-21T19:45:30Z" finished-at="2019-10-21T19:45:30Z">
          <reporter-output>
          </reporter-output>
        </test-method> <!-- setUp -->
        <test-method status="PASS" signature="putAPIStatusCheck()[pri:0, instance:qa.api.tests.PutAPITest@6cc4c815]" name="putAPIStatusCheck" duration-ms="1870" started-at="2019-10-21T19:45:30Z" finished-at="2019-10-21T19:45:32Z">
          <reporter-output>
          </reporter-output>
        </test-method> <!-- putAPIStatusCheck -->
        <test-method status="PASS" signature="putAPIJSONResponseCheck()[pri:0, instance:qa.api.tests.PutAPITest@6cc4c815]" name="putAPIJSONResponseCheck" duration-ms="18" started-at="2019-10-21T19:45:32Z" finished-at="2019-10-21T19:45:32Z">
          <reporter-output>
          </reporter-output>
        </test-method> <!-- putAPIJSONResponseCheck -->
        <test-method status="PASS" signature="setUp()[pri:0, instance:qa.api.tests.PutAPITest@6cc4c815]" name="setUp" is-config="true" duration-ms="0" started-at="2019-10-21T19:45:32Z" finished-at="2019-10-21T19:45:32Z">
          <reporter-output>
          </reporter-output>
        </test-method> <!-- setUp -->
      </class> <!-- qa.api.tests.PutAPITest -->
      <class name="qa.api.tests.GetAPITest">
        <test-method status="PASS" signature="setUp()[pri:0, instance:qa.api.tests.GetAPITest@4520ebad]" name="setUp" is-config="true" duration-ms="12" started-at="2019-10-21T19:45:23Z" finished-at="2019-10-21T19:45:23Z">
          <reporter-output>
          </reporter-output>
        </test-method> <!-- setUp -->
        <test-method status="PASS" signature="apiResponseStatusCheck()[pri:0, instance:qa.api.tests.GetAPITest@4520ebad]" name="apiResponseStatusCheck" duration-ms="3855" started-at="2019-10-21T19:45:23Z" finished-at="2019-10-21T19:45:27Z">
          <reporter-output>
          </reporter-output>
        </test-method> <!-- apiResponseStatusCheck -->
        <test-method status="PASS" signature="setUp()[pri:0, instance:qa.api.tests.GetAPITest@4520ebad]" name="setUp" is-config="true" duration-ms="0" started-at="2019-10-21T19:45:27Z" finished-at="2019-10-21T19:45:27Z">
          <reporter-output>
          </reporter-output>
        </test-method> <!-- setUp -->
        <test-method status="PASS" signature="apiResponseListUsersCheck()[pri:0, instance:qa.api.tests.GetAPITest@4520ebad]" name="apiResponseListUsersCheck" duration-ms="16" started-at="2019-10-21T19:45:27Z" finished-at="2019-10-21T19:45:27Z">
          <reporter-output>
          </reporter-output>
        </test-method> <!-- apiResponseListUsersCheck -->
        <test-method status="PASS" signature="setUp()[pri:0, instance:qa.api.tests.GetAPITest@4520ebad]" name="setUp" is-config="true" duration-ms="0" started-at="2019-10-21T19:45:27Z" finished-at="2019-10-21T19:45:27Z">
          <reporter-output>
          </reporter-output>
        </test-method> <!-- setUp -->
        <test-method status="PASS" signature="setUp()[pri:0, instance:qa.api.tests.GetAPITest@4520ebad]" name="setUp" is-config="true" duration-ms="0" started-at="2019-10-21T19:45:27Z" finished-at="2019-10-21T19:45:27Z">
          <reporter-output>
          </reporter-output>
        </test-method> <!-- setUp -->
        <test-method status="PASS" signature="apiResponseHeadersCheck()[pri:0, instance:qa.api.tests.GetAPITest@4520ebad]" name="apiResponseHeadersCheck" duration-ms="0" started-at="2019-10-21T19:45:27Z" finished-at="2019-10-21T19:45:27Z">
          <reporter-output>
          </reporter-output>
        </test-method> <!-- apiResponseHeadersCheck -->
        <test-method status="PASS" signature="apiResponseCheckWithHeaders()[pri:0, instance:qa.api.tests.GetAPITest@4520ebad]" name="apiResponseCheckWithHeaders" duration-ms="960" started-at="2019-10-21T19:45:27Z" finished-at="2019-10-21T19:45:28Z">
          <reporter-output>
          </reporter-output>
        </test-method> <!-- apiResponseCheckWithHeaders -->
      </class> <!-- qa.api.tests.GetAPITest -->
      <class name="qa.api.tests.PostAPITest">
        <test-method status="PASS" signature="setUp()[pri:0, instance:qa.api.tests.PostAPITest@7dc7cbad]" name="setUp" is-config="true" duration-ms="235" started-at="2019-10-21T19:45:28Z" finished-at="2019-10-21T19:45:28Z">
          <reporter-output>
          </reporter-output>
        </test-method> <!-- setUp -->
        <test-method status="PASS" signature="postAPITestStatusCheck()[pri:0, instance:qa.api.tests.PostAPITest@7dc7cbad]" name="postAPITestStatusCheck" duration-ms="1738" started-at="2019-10-21T19:45:28Z" finished-at="2019-10-21T19:45:30Z">
          <reporter-output>
          </reporter-output>
        </test-method> <!-- postAPITestStatusCheck -->
        <test-method status="PASS" signature="postAPIJSONresponseCheck()[pri:0, instance:qa.api.tests.PostAPITest@7dc7cbad]" name="postAPIJSONresponseCheck" duration-ms="53" started-at="2019-10-21T19:45:30Z" finished-at="2019-10-21T19:45:30Z">
          <reporter-output>
          </reporter-output>
        </test-method> <!-- postAPIJSONresponseCheck -->
        <test-method status="PASS" signature="setUp()[pri:0, instance:qa.api.tests.PostAPITest@7dc7cbad]" name="setUp" is-config="true" duration-ms="0" started-at="2019-10-21T19:45:30Z" finished-at="2019-10-21T19:45:30Z">
          <reporter-output>
          </reporter-output>
        </test-method> <!-- setUp -->
      </class> <!-- qa.api.tests.PostAPITest -->
    </test> <!-- APIAutomation -->
  </suite> <!-- Regression -->
</testng-results>
