<?xml version="1.0" encoding="UTF-8"?>
<!-- Generated by org.testng.reporters.JUnitXMLReporter -->
<testsuite hostname="user" name="APIAutomation" tests="8" failures="0" timestamp="21 Oct 2019 14:15:32 GMT" time="8.789" errors="0">
  <testcase name="apiResponseStatusCheck" time="3.855" classname="qa.api.tests.GetAPITest"/>
  <testcase name="apiResponseListUsersCheck" time="0.016" classname="qa.api.tests.GetAPITest"/>
  <testcase name="apiResponseHeadersCheck" time="0.0" classname="qa.api.tests.GetAPITest"/>
  <testcase name="apiResponseCheckWithHeaders" time="0.96" classname="qa.api.tests.GetAPITest"/>
  <testcase name="postAPITestStatusCheck" time="1.738" classname="qa.api.tests.PostAPITest"/>
  <testcase name="postAPIJSONresponseCheck" time="0.053" classname="qa.api.tests.PostAPITest"/>
  <testcase name="putAPIStatusCheck" time="1.87" classname="qa.api.tests.PutAPITest"/>
  <testcase name="putAPIJSONResponseCheck" time="0.018" classname="qa.api.tests.PutAPITest"/>
</testsuite> <!-- APIAutomation -->
